{"name": "test_create_order_store_1___frugal_latido_com_np____Test_123____Ek__male_____Black_Sheep____38____Silver____Black____No____40____Fit___8__7___32___11__5__9__12__46___5___5_6___Test_001___20000__1000___101010__", "status": "broken", "statusDetails": {"message": "selenium.common.exceptions.TimeoutException: Message: \nStacktrace:\nBacktrace:\n\tGetHandleVerifier [0x0095DCE3+50899]\n\t(No symbol) [0x008EE111]\n\t(No symbol) [0x007F5588]\n\t(No symbol) [0x008208F9]\n\t(No symbol) [0x00820AFB]\n\t(No symbol) [0x0084F902]\n\t(No symbol) [0x0083B944]\n\t(No symbol) [0x0084E01C]\n\t(No symbol) [0x0083B6F6]\n\t(No symbol) [0x00817708]\n\t(No symbol) [0x0081886D]\n\tGetHandleVerifier [0x00BC3EAE+2566302]\n\tGetHandleVerifier [0x00BF92B1+2784417]\n\tGetHandleVerifier [0x00BF327C+2759788]\n\tGetHandleVerifier [0x009F5740+672048]\n\t(No symbol) [0x008F8872]\n\t(No symbol) [0x008F41C8]\n\t(No symbol) [0x008F42AB]\n\t(No symbol) [0x008E71B7]\n\tBaseThreadInitThunk [0x76B77D49+25]\n\tRtlInitializeExceptionChain [0x77A5B74B+107]\n\tRtlClearBits [0x77A5B6CF+191]", "trace": "self = <TestsCases.TestOrder.TestOrder testMethod=test_create_order_store_1___frugal_latido_com_np____Test_123____Ek__male___..._38____Silver____Black____No____40____Fit___8__7___32___11__5__9__12__46___5___5_6___Test_001___20000__1000___101010__>\nusername = 'frugal@latido.com.np', password = 'Test@123'\nproductname = 'Ek (male)', leatherProfile = 'Black Sheep', leatherSize = '38'\nhardware = 'Silver', lining = 'Black', polyfill = 'No', size = '40'\nbodytype = 'Fit', length = 8, chest = 7, waist = '32', hips = 11, shoulder = 5\nsleeves = 9, arms = 12, weight = 46, front = '5', armhole = 5.6\nremarks = 'Test 001', price = 20000, discount = 1000, OTP = '101010'\n\n    @allure.story(\"Create a New Order for store  \")\n    @allure.severity(allure.severity_level.NORMAL)\n    @data(*Utils.read_xlsx(\"../TestData/OrderTestData/orderTestCase.xlsx\", \"forStore\"))\n    @unpack\n    def test_create_order_store(self, username, password, productname, leatherProfile, leatherSize,\thardware, lining, polyfill,\n                                size, bodytype, length,\tchest, waist, hips, shoulder, sleeves, arms, weight, front, armhole,\n                                remarks, price, discount, OTP):\n        self.LoginMethod.nativelogin(self.driver,username, password)\n        try:\n            self.assertEqual(\n>               self.Order.createOrder_Store(productname, leatherProfile, leatherSize,\thardware, lining, polyfill,\n                                             size, bodytype, length, chest, waist, hips, shoulder, sleeves, arms, weight, front, armhole,\n                                             remarks, price, discount, OTP),\n                \"Order Succesfully Created\", msg=\"Verification Failed to Create a new user.\")\n\nTestOrder.py:110: \n_ _ _ _ _ _ _ _ _ _ _ _ _ _ _ _ _ _ _ _ _ _ _ _ _ _ _ _ _ _ _ _ _ _ _ _ _ _ _ _\n..\\executions\\OrdersExecutions\\OrderMethods.py:221: in createOrder_Store\n    self.fill_StoreProductDetails(productname, leatherProfile, leatherSize, hardware, lining, polyfill)\n..\\executions\\OrdersExecutions\\OrderMethods.py:114: in fill_StoreProductDetails\n    self.products.selectLeatherSize(leatherSize_str)\n..\\Pages\\Order\\Customer\\ProductDetails.py:46: in selectLeatherSize\n    return self.HandleDropdown(self.LEATHER_SIZE, self.ITEMSNAEM, leatherSize)\n..\\Pages\\Order\\OrderPage.py:85: in HandleDropdown\n    self.wait.until(EC.visibility_of_element_located(dropDownLocator)).click()\n_ _ _ _ _ _ _ _ _ _ _ _ _ _ _ _ _ _ _ _ _ _ _ _ _ _ _ _ _ _ _ _ _ _ _ _ _ _ _ _\n\nself = <selenium.webdriver.support.wait.WebDriverWait (session=\"096faadb375bbbf5ba03c7a3003b73a2\")>\nmethod = <function visibility_of_element_located.<locals>._predicate at 0x000001EDA3770820>\nmessage = ''\n\n    def until(self, method, message: str = \"\"):\n        \"\"\"Calls the method provided with the driver as an argument until the \\\n        return value does not evaluate to ``False``.\n    \n        :param method: callable(WebDriver)\n        :param message: optional message for :exc:`TimeoutException`\n        :returns: the result of the last call to `method`\n        :raises: :exc:`selenium.common.exceptions.TimeoutException` if timeout occurs\n        \"\"\"\n        screen = None\n        stacktrace = None\n    \n        end_time = time.monotonic() + self._timeout\n        while True:\n            try:\n                value = method(self._driver)\n                if value:\n                    return value\n            except self._ignored_exceptions as exc:\n                screen = getattr(exc, \"screen\", None)\n                stacktrace = getattr(exc, \"stacktrace\", None)\n            time.sleep(self._poll)\n            if time.monotonic() > end_time:\n                break\n>       raise TimeoutException(message, screen, stacktrace)\nE       selenium.common.exceptions.TimeoutException: Message: \nE       Stacktrace:\nE       Backtrace:\nE       \tGetHandleVerifier [0x0095DCE3+50899]\nE       \t(No symbol) [0x008EE111]\nE       \t(No symbol) [0x007F5588]\nE       \t(No symbol) [0x008208F9]\nE       \t(No symbol) [0x00820AFB]\nE       \t(No symbol) [0x0084F902]\nE       \t(No symbol) [0x0083B944]\nE       \t(No symbol) [0x0084E01C]\nE       \t(No symbol) [0x0083B6F6]\nE       \t(No symbol) [0x00817708]\nE       \t(No symbol) [0x0081886D]\nE       \tGetHandleVerifier [0x00BC3EAE+2566302]\nE       \tGetHandleVerifier [0x00BF92B1+2784417]\nE       \tGetHandleVerifier [0x00BF327C+2759788]\nE       \tGetHandleVerifier [0x009F5740+672048]\nE       \t(No symbol) [0x008F8872]\nE       \t(No symbol) [0x008F41C8]\nE       \t(No symbol) [0x008F42AB]\nE       \t(No symbol) [0x008E71B7]\nE       \tBaseThreadInitThunk [0x76B77D49+25]\nE       \tRtlInitializeExceptionChain [0x77A5B74B+107]\nE       \tRtlClearBits [0x77A5B6CF+191]\n\n..\\.venv\\lib\\site-packages\\selenium\\webdriver\\support\\wait.py:95: TimeoutException"}, "start": 1682584175828, "stop": 1682584201597, "uuid": "841c9a18-401d-4a70-aca5-c7851e42afb1", "historyId": "e17ec96558d2a99d9a98b6ba3988e9d7", "testCaseId": "87b4d3e6c6203859f7b973a56112cba1", "fullName": "TestOrder.TestOrder#test_create_order_store_1___frugal_latido_com_np____Test_123____Ek__male_____Black_Sheep____38____Silver____Black____No____40____Fit___8__7___32___11__5__9__12__46___5___5_6___Test_001___20000__1000___101010__", "labels": [{"name": "story", "value": "Create a New Order for store  "}, {"name": "severity", "value": "normal"}, {"name": "feature", "value": "Order List"}, {"name": "suite", "value": "TestOrder"}, {"name": "subSuite", "value": "TestOrder"}, {"name": "host", "value": "0day"}, {"name": "thread", "value": "14808-MainThread"}, {"name": "framework", "value": "pytest"}, {"name": "language", "value": "cpython3"}, {"name": "package", "value": "TestOrder"}]}