{"name": "test_02_create_new_blog_1___frugal_latido_com_np____Test_123____This_is_short_Description____1___test_auto_dateSheet____Automation_Test_Blog____1_2_3____This_is_Header_1_through_Automations_This_is_Header_2_through_Automations_This_is_Header_3_through_Automations____This_is_example_of_Order_list___1_This_is_example_of_Order_list___2____E___POM_for_Bottle__WebApp__TestData__BlogTestData__SampleImage__sampel_leather_1_jpg__", "status": "broken", "statusDetails": {"message": "selenium.common.exceptions.TimeoutException: Message:", "trace": "self = <TestsCases.Test_13_Blog.TestBlog testMethod=test_02_create_new_blog_1___frugal_latido_com_np____Test_123____This_is_s...s_example_of_Order_list___2____E___POM_for_Bottle__WebApp__TestData__BlogTestData__SampleImage__sampel_leather_1_jpg__>\nusername = 'frugal@latido.com.np', password = 'Test@123'\nshortDescriptions = 'This is short Description ', blog_type = 1\ntags = 'test_auto_dateSheet', title = 'Automation Test Blog'\nstyle_types = '1,2,3'\ntext_contents = 'This is Header 1 through Automations,This is Header 2 through Automations,This is Header 3 through Automations'\nlist_items = 'This is example of Order list - 1,This is example of Order list - 2'\nimgPath = 'E:\\\\POM_for_Bottle\\\\WebApp\\\\TestData\\\\BlogTestData\\\\SampleImage\\\\sampel_leather_1.jpg'\n\n    @allure.description(\"Create a new Blog\")\n    @allure.severity(allure.severity_level.NORMAL)\n    @data(*Utils.read_xlsx(\"../TestData/BlogTestData/blogTestCase.xlsx\", \"new_blog\"))\n    @unpack\n    def test_02_create_new_blog(self, username, password, shortDescriptions, blog_type, tags, title, style_types, text_contents, list_items, imgPath):\n        self.LoginMethod.nativelogin(username, password)\n        try:\n            self.assertEqual(self.Blog.create_new_blog(shortDescriptions, blog_type, tags, title, style_types, text_contents, list_items, imgPath), True, msg=\"Verification Failed to Create a new Blog.\")\n        # Checking if assertion failed\n        except (NoSuchElementException, AssertionError, TimeoutException, AttributeError) as e:\n            allure.attach(self.driver.get_screenshot_as_png(), name=\"Creating new blog.\", attachment_type=AttachmentType.PNG)\n>           raise e\n\nTest_13_Blog.py:50: \n_ _ _ _ _ _ _ _ _ _ _ _ _ _ _ _ _ _ _ _ _ _ _ _ _ _ _ _ _ _ _ _ _ _ _ _ _ _ _ _\nTest_13_Blog.py:46: in test_02_create_new_blog\n    self.assertEqual(self.Blog.create_new_blog(shortDescriptions, blog_type, tags, title, style_types, text_contents, list_items, imgPath), True, msg=\"Verification Failed to Create a new Blog.\")\n..\\executions\\BlogExecutions\\BlogMethods.py:79: in create_new_blog\n    self.blog.upload_blog_images(1,\n..\\Pages\\Blog\\BlogPage.py:330: in upload_blog_images\n    IMAGE_UPLOAD = self.wait.until(EC.visibility_of_element_located(IMAGE_PATH))\n_ _ _ _ _ _ _ _ _ _ _ _ _ _ _ _ _ _ _ _ _ _ _ _ _ _ _ _ _ _ _ _ _ _ _ _ _ _ _ _\n\nself = <selenium.webdriver.support.wait.WebDriverWait (session=\"4280261cba70adb9f87da3e8d371bd5b\")>\nmethod = <function visibility_of_element_located.<locals>._predicate at 0x0000026114EB7760>\nmessage = ''\n\n    def until(self, method, message: str = \"\"):\n        \"\"\"Calls the method provided with the driver as an argument until the \\\n        return value does not evaluate to ``False``.\n    \n        :param method: callable(WebDriver)\n        :param message: optional message for :exc:`TimeoutException`\n        :returns: the result of the last call to `method`\n        :raises: :exc:`selenium.common.exceptions.TimeoutException` if timeout occurs\n        \"\"\"\n        screen = None\n        stacktrace = None\n    \n        end_time = time.monotonic() + self._timeout\n        while True:\n            try:\n                value = method(self._driver)\n                if value:\n                    return value\n            except self._ignored_exceptions as exc:\n                screen = getattr(exc, \"screen\", None)\n                stacktrace = getattr(exc, \"stacktrace\", None)\n            time.sleep(self._poll)\n            if time.monotonic() > end_time:\n                break\n>       raise TimeoutException(message, screen, stacktrace)\nE       selenium.common.exceptions.TimeoutException: Message:\n\n..\\.venv\\lib\\site-packages\\selenium\\webdriver\\support\\wait.py:95: TimeoutException"}, "description": "Create a new Blog", "attachments": [{"name": "Creating new blog.", "source": "3aa01c8a-4161-4b8a-af49-afc3c0aea2d1-attachment.png", "type": "image/png"}], "start": 1692267824362, "stop": 1692267874874, "uuid": "edb2693f-8be9-406d-a60e-8c2fcd67bce3", "historyId": "576fbbca61358bf089f0fd4f16085abc", "testCaseId": "945ba442dd725ac3280baa8d9ea1af83", "fullName": "Test_13_Blog.TestBlog#test_02_create_new_blog_1___frugal_latido_com_np____Test_123____This_is_short_Description____1___test_auto_dateSheet____Automation_Test_Blog____1_2_3____This_is_Header_1_through_Automations_This_is_Header_2_through_Automations_This_is_Header_3_through_Automations____This_is_example_of_Order_list___1_This_is_example_of_Order_list___2____E___POM_for_Bottle__WebApp__TestData__BlogTestData__SampleImage__sampel_leather_1_jpg__", "labels": [{"name": "feature", "value": "Blog"}, {"name": "severity", "value": "normal"}, {"name": "suite", "value": "Test_13_Blog"}, {"name": "subSuite", "value": "TestBlog"}, {"name": "host", "value": "0day"}, {"name": "thread", "value": "1216-MainThread"}, {"name": "framework", "value": "pytest"}, {"name": "language", "value": "cpython3"}, {"name": "package", "value": "Test_13_Blog"}]}