{"name": "test_create_order_new_customer", "status": "broken", "statusDetails": {"message": "selenium.common.exceptions.TimeoutException: Message: \nStacktrace:\nBacktrace:\n\tGetHandleVerifier [0x010DDCE3+50899]\n\t(No symbol) [0x0106E111]\n\t(No symbol) [0x00F75588]\n\t(No symbol) [0x00FA08F9]\n\t(No symbol) [0x00FA0AFB]\n\t(No symbol) [0x00FCF902]\n\t(No symbol) [0x00FBB944]\n\t(No symbol) [0x00FCE01C]\n\t(No symbol) [0x00FBB6F6]\n\t(No symbol) [0x00F97708]\n\t(No symbol) [0x00F9886D]\n\tGetHandleVerifier [0x01343EAE+2566302]\n\tGetHandleVerifier [0x013792B1+2784417]\n\tGetHandleVerifier [0x0137327C+2759788]\n\tGetHandleVerifier [0x01175740+672048]\n\t(No symbol) [0x01078872]\n\t(No symbol) [0x010741C8]\n\t(No symbol) [0x010742AB]\n\t(No symbol) [0x010671B7]\n\tBaseThreadInitThunk [0x76637D49+25]\n\tRtlInitializeExceptionChain [0x77B9B74B+107]\n\tRtlClearBits [0x77B9B6CF+191]", "trace": "self = <TestsCases.TestOrder.TestOrder testMethod=test_create_order_new_customer>\n\n    @allure.story(\"Create a New Customer \")\n    @allure.severity(allure.severity_level.NORMAL)\n    def test_create_order_new_customer(self):\n        self.LoginMethod.nativelogin(self.driver, \"frugal@latido.com.np\", \"Test@123\")\n        try:\n>           self.assertEqual(self.Order.create_new_user(\"9887339699\", \"Test2 \", \"text2@example.com\", \"2001-12-12\", \"Siliguri\"), \"Create Order\",\n                         msg=\"Verification Failed to Create a new user.\")\n\nTestOrder.py:58: \n_ _ _ _ _ _ _ _ _ _ _ _ _ _ _ _ _ _ _ _ _ _ _ _ _ _ _ _ _ _ _ _ _ _ _ _ _ _ _ _\n..\\executions\\OrderMethod.py:33: in create_new_user\n    self.navigateToOrder()\n..\\executions\\OrderMethod.py:19: in navigateToOrder\n    self.order.clickOnOrderTab()\n..\\Pages\\OrderPage.py:54: in clickOnOrderTab\n    self.wait.until(EC.element_to_be_clickable(self.OrderTab)).click()\n_ _ _ _ _ _ _ _ _ _ _ _ _ _ _ _ _ _ _ _ _ _ _ _ _ _ _ _ _ _ _ _ _ _ _ _ _ _ _ _\n\nself = <selenium.webdriver.support.wait.WebDriverWait (session=\"5edf940b38560604988844bac99c15b4\")>\nmethod = <function element_to_be_clickable.<locals>._predicate at 0x0000020F855D3400>\nmessage = ''\n\n    def until(self, method, message: str = \"\"):\n        \"\"\"Calls the method provided with the driver as an argument until the \\\n        return value does not evaluate to ``False``.\n    \n        :param method: callable(WebDriver)\n        :param message: optional message for :exc:`TimeoutException`\n        :returns: the result of the last call to `method`\n        :raises: :exc:`selenium.common.exceptions.TimeoutException` if timeout occurs\n        \"\"\"\n        screen = None\n        stacktrace = None\n    \n        end_time = time.monotonic() + self._timeout\n        while True:\n            try:\n                value = method(self._driver)\n                if value:\n                    return value\n            except self._ignored_exceptions as exc:\n                screen = getattr(exc, \"screen\", None)\n                stacktrace = getattr(exc, \"stacktrace\", None)\n            time.sleep(self._poll)\n            if time.monotonic() > end_time:\n                break\n>       raise TimeoutException(message, screen, stacktrace)\nE       selenium.common.exceptions.TimeoutException: Message: \nE       Stacktrace:\nE       Backtrace:\nE       \tGetHandleVerifier [0x010DDCE3+50899]\nE       \t(No symbol) [0x0106E111]\nE       \t(No symbol) [0x00F75588]\nE       \t(No symbol) [0x00FA08F9]\nE       \t(No symbol) [0x00FA0AFB]\nE       \t(No symbol) [0x00FCF902]\nE       \t(No symbol) [0x00FBB944]\nE       \t(No symbol) [0x00FCE01C]\nE       \t(No symbol) [0x00FBB6F6]\nE       \t(No symbol) [0x00F97708]\nE       \t(No symbol) [0x00F9886D]\nE       \tGetHandleVerifier [0x01343EAE+2566302]\nE       \tGetHandleVerifier [0x013792B1+2784417]\nE       \tGetHandleVerifier [0x0137327C+2759788]\nE       \tGetHandleVerifier [0x01175740+672048]\nE       \t(No symbol) [0x01078872]\nE       \t(No symbol) [0x010741C8]\nE       \t(No symbol) [0x010742AB]\nE       \t(No symbol) [0x010671B7]\nE       \tBaseThreadInitThunk [0x76637D49+25]\nE       \tRtlInitializeExceptionChain [0x77B9B74B+107]\nE       \tRtlClearBits [0x77B9B6CF+191]\n\n..\\.venv\\lib\\site-packages\\selenium\\webdriver\\support\\wait.py:95: TimeoutException"}, "start": 1681827878016, "stop": 1681827893191, "uuid": "4e27402d-8cb7-42fe-ba9c-e871ebbcfd23", "historyId": "69dd016bdc9b183d584144512731cd18", "testCaseId": "66e83430c10521eda1163d3d75592ad2", "fullName": "TestOrder.TestOrder#test_create_order_new_customer", "labels": [{"name": "story", "value": "Create a New Customer "}, {"name": "feature", "value": "Order List"}, {"name": "severity", "value": "normal"}, {"name": "suite", "value": "TestOrder"}, {"name": "subSuite", "value": "TestOrder"}, {"name": "host", "value": "0day"}, {"name": "thread", "value": "10064-MainThread"}, {"name": "framework", "value": "pytest"}, {"name": "language", "value": "cpython3"}, {"name": "package", "value": "TestOrder"}]}