{"name": "test_create_order_store_3___frugal_latido_com_np____Test_123____Lucha__male_____Mahogany_Antique____40____Silver____Black____No____40____General_Fit___8__7___34___11__5__9__12__46___7___5_6___Test_003___20000__1000___101012__", "status": "broken", "statusDetails": {"message": "selenium.common.exceptions.TimeoutException: Message: \nStacktrace:\nBacktrace:\n\tGetHandleVerifier [0x0095DCE3+50899]\n\t(No symbol) [0x008EE111]\n\t(No symbol) [0x007F5588]\n\t(No symbol) [0x008208F9]\n\t(No symbol) [0x00820AFB]\n\t(No symbol) [0x0084F902]\n\t(No symbol) [0x0083B944]\n\t(No symbol) [0x0084E01C]\n\t(No symbol) [0x0083B6F6]\n\t(No symbol) [0x00817708]\n\t(No symbol) [0x0081886D]\n\tGetHandleVerifier [0x00BC3EAE+2566302]\n\tGetHandleVerifier [0x00BF92B1+2784417]\n\tGetHandleVerifier [0x00BF327C+2759788]\n\tGetHandleVerifier [0x009F5740+672048]\n\t(No symbol) [0x008F8872]\n\t(No symbol) [0x008F41C8]\n\t(No symbol) [0x008F42AB]\n\t(No symbol) [0x008E71B7]\n\tBaseThreadInitThunk [0x76B77D49+25]\n\tRtlInitializeExceptionChain [0x77A5B74B+107]\n\tRtlClearBits [0x77A5B6CF+191]", "trace": "self = <TestsCases.TestOrder.TestOrder testMethod=test_create_order_store_3___frugal_latido_com_np____Test_123____Lucha__male...ilver____Black____No____40____General_Fit___8__7___34___11__5__9__12__46___7___5_6___Test_003___20000__1000___101012__>\nusername = 'frugal@latido.com.np', password = 'Test@123'\nproductname = 'Lucha (male)', leatherProfile = 'Mahogany Antique'\nleatherSize = '40', hardware = 'Silver', lining = 'Black', polyfill = 'No'\nsize = '40', bodytype = 'General Fit', length = 8, chest = 7, waist = '34'\nhips = 11, shoulder = 5, sleeves = 9, arms = 12, weight = 46, front = '7'\narmhole = 5.6, remarks = 'Test 003', price = 20000, discount = 1000\nOTP = '101012'\n\n    @allure.story(\"Create a New Order for store  \")\n    @allure.severity(allure.severity_level.NORMAL)\n    @data(*Utils.read_xlsx(\"../TestData/OrderTestData/orderTestCase.xlsx\", \"forStore\"))\n    @unpack\n    def test_create_order_store(self, username, password, productname, leatherProfile, leatherSize,\thardware, lining, polyfill,\n                                size, bodytype, length,\tchest, waist, hips, shoulder, sleeves, arms, weight, front, armhole,\n                                remarks, price, discount, OTP):\n        self.LoginMethod.nativelogin(self.driver,username, password)\n        try:\n            self.assertEqual(\n>               self.Order.createOrder_Store(productname, leatherProfile, leatherSize,\thardware, lining, polyfill,\n                                             size, bodytype, length, chest, waist, hips, shoulder, sleeves, arms, weight, front, armhole,\n                                             remarks, price, discount, OTP),\n                \"Order Succesfully Created\", msg=\"Verification Failed to Create a new user.\")\n\nTestOrder.py:110: \n_ _ _ _ _ _ _ _ _ _ _ _ _ _ _ _ _ _ _ _ _ _ _ _ _ _ _ _ _ _ _ _ _ _ _ _ _ _ _ _\n..\\executions\\OrdersExecutions\\OrderMethods.py:219: in createOrder_Store\n    self.navigateToOrder()\n..\\executions\\OrdersExecutions\\OrderMethods.py:64: in navigateToOrder\n    self.order.clickOnOrderTab()\n..\\Pages\\Order\\OrderPage.py:56: in clickOnOrderTab\n    self.wait.until(EC.element_to_be_clickable(self.OrderTab)).click()\n_ _ _ _ _ _ _ _ _ _ _ _ _ _ _ _ _ _ _ _ _ _ _ _ _ _ _ _ _ _ _ _ _ _ _ _ _ _ _ _\n\nself = <selenium.webdriver.support.wait.WebDriverWait (session=\"6291916dfe2501eaf54a4b8f563fff61\")>\nmethod = <function element_to_be_clickable.<locals>._predicate at 0x000001EDA3770EE0>\nmessage = ''\n\n    def until(self, method, message: str = \"\"):\n        \"\"\"Calls the method provided with the driver as an argument until the \\\n        return value does not evaluate to ``False``.\n    \n        :param method: callable(WebDriver)\n        :param message: optional message for :exc:`TimeoutException`\n        :returns: the result of the last call to `method`\n        :raises: :exc:`selenium.common.exceptions.TimeoutException` if timeout occurs\n        \"\"\"\n        screen = None\n        stacktrace = None\n    \n        end_time = time.monotonic() + self._timeout\n        while True:\n            try:\n                value = method(self._driver)\n                if value:\n                    return value\n            except self._ignored_exceptions as exc:\n                screen = getattr(exc, \"screen\", None)\n                stacktrace = getattr(exc, \"stacktrace\", None)\n            time.sleep(self._poll)\n            if time.monotonic() > end_time:\n                break\n>       raise TimeoutException(message, screen, stacktrace)\nE       selenium.common.exceptions.TimeoutException: Message: \nE       Stacktrace:\nE       Backtrace:\nE       \tGetHandleVerifier [0x0095DCE3+50899]\nE       \t(No symbol) [0x008EE111]\nE       \t(No symbol) [0x007F5588]\nE       \t(No symbol) [0x008208F9]\nE       \t(No symbol) [0x00820AFB]\nE       \t(No symbol) [0x0084F902]\nE       \t(No symbol) [0x0083B944]\nE       \t(No symbol) [0x0084E01C]\nE       \t(No symbol) [0x0083B6F6]\nE       \t(No symbol) [0x00817708]\nE       \t(No symbol) [0x0081886D]\nE       \tGetHandleVerifier [0x00BC3EAE+2566302]\nE       \tGetHandleVerifier [0x00BF92B1+2784417]\nE       \tGetHandleVerifier [0x00BF327C+2759788]\nE       \tGetHandleVerifier [0x009F5740+672048]\nE       \t(No symbol) [0x008F8872]\nE       \t(No symbol) [0x008F41C8]\nE       \t(No symbol) [0x008F42AB]\nE       \t(No symbol) [0x008E71B7]\nE       \tBaseThreadInitThunk [0x76B77D49+25]\nE       \tRtlInitializeExceptionChain [0x77A5B74B+107]\nE       \tRtlClearBits [0x77A5B6CF+191]\n\n..\\.venv\\lib\\site-packages\\selenium\\webdriver\\support\\wait.py:95: TimeoutException"}, "start": 1682584227033, "stop": 1682584242358, "uuid": "c1b7ea90-4dac-4a0e-835f-f37e16928f52", "historyId": "20eda1788348758e2eb41dbbf9f382a1", "testCaseId": "86c9e7026c76ba40c6b8f184fbcf32f6", "fullName": "TestOrder.TestOrder#test_create_order_store_3___frugal_latido_com_np____Test_123____Lucha__male_____Mahogany_Antique____40____Silver____Black____No____40____General_Fit___8__7___34___11__5__9__12__46___7___5_6___Test_003___20000__1000___101012__", "labels": [{"name": "story", "value": "Create a New Order for store  "}, {"name": "severity", "value": "normal"}, {"name": "feature", "value": "Order List"}, {"name": "suite", "value": "TestOrder"}, {"name": "subSuite", "value": "TestOrder"}, {"name": "host", "value": "0day"}, {"name": "thread", "value": "14808-MainThread"}, {"name": "framework", "value": "pytest"}, {"name": "language", "value": "cpython3"}, {"name": "package", "value": "TestOrder"}]}