{"uid":"61d6be34cc57882f","name":"test_create_order_store_2___frugal_latido_com_np____Test_123____Exemplar__male_____Bronze_Mist_Antique____42____Golden_Antique____Black____Yes____40____Skin_Tight___8__7___33___11__5__9__12__46___6___5_6___Test_002___20000__1000___101011__","fullName":"TestOrder.TestOrder#test_create_order_store_2___frugal_latido_com_np____Test_123____Exemplar__male_____Bronze_Mist_Antique____42____Golden_Antique____Black____Yes____40____Skin_Tight___8__7___33___11__5__9__12__46___6___5_6___Test_002___20000__1000___101011__","historyId":"1358d86c7d935aae68c8e1f7bdb69857","time":{"start":1682584203700,"stop":1682584226955,"duration":23255},"status":"broken","statusMessage":"selenium.common.exceptions.TimeoutException: Message: \nStacktrace:\nBacktrace:\n\tGetHandleVerifier [0x0095DCE3+50899]\n\t(No symbol) [0x008EE111]\n\t(No symbol) [0x007F5588]\n\t(No symbol) [0x008208F9]\n\t(No symbol) [0x00820AFB]\n\t(No symbol) [0x0084F902]\n\t(No symbol) [0x0083B944]\n\t(No symbol) [0x0084E01C]\n\t(No symbol) [0x0083B6F6]\n\t(No symbol) [0x00817708]\n\t(No symbol) [0x0081886D]\n\tGetHandleVerifier [0x00BC3EAE+2566302]\n\tGetHandleVerifier [0x00BF92B1+2784417]\n\tGetHandleVerifier [0x00BF327C+2759788]\n\tGetHandleVerifier [0x009F5740+672048]\n\t(No symbol) [0x008F8872]\n\t(No symbol) [0x008F41C8]\n\t(No symbol) [0x008F42AB]\n\t(No symbol) [0x008E71B7]\n\tBaseThreadInitThunk [0x76B77D49+25]\n\tRtlInitializeExceptionChain [0x77A5B74B+107]\n\tRtlClearBits [0x77A5B6CF+191]","statusTrace":"self = <TestsCases.TestOrder.TestOrder testMethod=test_create_order_store_2___frugal_latido_com_np____Test_123____Exemplar__m...tique____Black____Yes____40____Skin_Tight___8__7___33___11__5__9__12__46___6___5_6___Test_002___20000__1000___101011__>\nusername = 'frugal@latido.com.np', password = 'Test@123'\nproductname = 'Exemplar (male)', leatherProfile = 'Bronze Mist Antique'\nleatherSize = '42', hardware = 'Golden Antique', lining = 'Black'\npolyfill = 'Yes', size = '40', bodytype = 'Skin Tight', length = 8, chest = 7\nwaist = '33', hips = 11, shoulder = 5, sleeves = 9, arms = 12, weight = 46\nfront = '6', armhole = 5.6, remarks = 'Test 002', price = 20000, discount = 1000\nOTP = '101011'\n\n    @allure.story(\"Create a New Order for store  \")\n    @allure.severity(allure.severity_level.NORMAL)\n    @data(*Utils.read_xlsx(\"../TestData/OrderTestData/orderTestCase.xlsx\", \"forStore\"))\n    @unpack\n    def test_create_order_store(self, username, password, productname, leatherProfile, leatherSize,\thardware, lining, polyfill,\n                                size, bodytype, length,\tchest, waist, hips, shoulder, sleeves, arms, weight, front, armhole,\n                                remarks, price, discount, OTP):\n        self.LoginMethod.nativelogin(self.driver,username, password)\n        try:\n            self.assertEqual(\n>               self.Order.createOrder_Store(productname, leatherProfile, leatherSize,\thardware, lining, polyfill,\n                                             size, bodytype, length, chest, waist, hips, shoulder, sleeves, arms, weight, front, armhole,\n                                             remarks, price, discount, OTP),\n                \"Order Succesfully Created\", msg=\"Verification Failed to Create a new user.\")\n\nTestOrder.py:110: \n_ _ _ _ _ _ _ _ _ _ _ _ _ _ _ _ _ _ _ _ _ _ _ _ _ _ _ _ _ _ _ _ _ _ _ _ _ _ _ _\n..\\executions\\OrdersExecutions\\OrderMethods.py:221: in createOrder_Store\n    self.fill_StoreProductDetails(productname, leatherProfile, leatherSize, hardware, lining, polyfill)\n..\\executions\\OrdersExecutions\\OrderMethods.py:114: in fill_StoreProductDetails\n    self.products.selectLeatherSize(leatherSize_str)\n..\\Pages\\Order\\Customer\\ProductDetails.py:46: in selectLeatherSize\n    return self.HandleDropdown(self.LEATHER_SIZE, self.ITEMSNAEM, leatherSize)\n..\\Pages\\Order\\OrderPage.py:85: in HandleDropdown\n    self.wait.until(EC.visibility_of_element_located(dropDownLocator)).click()\n_ _ _ _ _ _ _ _ _ _ _ _ _ _ _ _ _ _ _ _ _ _ _ _ _ _ _ _ _ _ _ _ _ _ _ _ _ _ _ _\n\nself = <selenium.webdriver.support.wait.WebDriverWait (session=\"cfaadaea2a0394aaf0f519763acdab1e\")>\nmethod = <function visibility_of_element_located.<locals>._predicate at 0x000001EDA3772200>\nmessage = ''\n\n    def until(self, method, message: str = \"\"):\n        \"\"\"Calls the method provided with the driver as an argument until the \\\n        return value does not evaluate to ``False``.\n    \n        :param method: callable(WebDriver)\n        :param message: optional message for :exc:`TimeoutException`\n        :returns: the result of the last call to `method`\n        :raises: :exc:`selenium.common.exceptions.TimeoutException` if timeout occurs\n        \"\"\"\n        screen = None\n        stacktrace = None\n    \n        end_time = time.monotonic() + self._timeout\n        while True:\n            try:\n                value = method(self._driver)\n                if value:\n                    return value\n            except self._ignored_exceptions as exc:\n                screen = getattr(exc, \"screen\", None)\n                stacktrace = getattr(exc, \"stacktrace\", None)\n            time.sleep(self._poll)\n            if time.monotonic() > end_time:\n                break\n>       raise TimeoutException(message, screen, stacktrace)\nE       selenium.common.exceptions.TimeoutException: Message: \nE       Stacktrace:\nE       Backtrace:\nE       \tGetHandleVerifier [0x0095DCE3+50899]\nE       \t(No symbol) [0x008EE111]\nE       \t(No symbol) [0x007F5588]\nE       \t(No symbol) [0x008208F9]\nE       \t(No symbol) [0x00820AFB]\nE       \t(No symbol) [0x0084F902]\nE       \t(No symbol) [0x0083B944]\nE       \t(No symbol) [0x0084E01C]\nE       \t(No symbol) [0x0083B6F6]\nE       \t(No symbol) [0x00817708]\nE       \t(No symbol) [0x0081886D]\nE       \tGetHandleVerifier [0x00BC3EAE+2566302]\nE       \tGetHandleVerifier [0x00BF92B1+2784417]\nE       \tGetHandleVerifier [0x00BF327C+2759788]\nE       \tGetHandleVerifier [0x009F5740+672048]\nE       \t(No symbol) [0x008F8872]\nE       \t(No symbol) [0x008F41C8]\nE       \t(No symbol) [0x008F42AB]\nE       \t(No symbol) [0x008E71B7]\nE       \tBaseThreadInitThunk [0x76B77D49+25]\nE       \tRtlInitializeExceptionChain [0x77A5B74B+107]\nE       \tRtlClearBits [0x77A5B6CF+191]\n\n..\\.venv\\lib\\site-packages\\selenium\\webdriver\\support\\wait.py:95: TimeoutException","flaky":false,"newFailed":false,"newBroken":false,"newPassed":false,"retriesCount":0,"retriesStatusChange":false,"beforeStages":[{"name":"_unittest_setUpClass_fixture_TestOrder","time":{"start":1682583995544,"stop":1682583995544,"duration":0},"status":"passed","steps":[],"attachments":[],"parameters":[],"hasContent":false,"stepsCount":0,"shouldDisplayMessage":false,"attachmentsCount":0}],"afterStages":[{"name":"_unittest_setUpClass_fixture_TestOrder::0","time":{"start":1682584340826,"stop":1682584340826,"duration":0},"status":"passed","steps":[],"attachments":[],"parameters":[],"hasContent":false,"stepsCount":0,"shouldDisplayMessage":false,"attachmentsCount":0}],"labels":[{"name":"story","value":"Create a New Order for store  "},{"name":"severity","value":"normal"},{"name":"feature","value":"Order List"},{"name":"suite","value":"TestOrder"},{"name":"subSuite","value":"TestOrder"},{"name":"host","value":"0day"},{"name":"thread","value":"14808-MainThread"},{"name":"framework","value":"pytest"},{"name":"language","value":"cpython3"},{"name":"package","value":"TestOrder"},{"name":"resultFormat","value":"allure2"}],"parameters":[],"links":[],"hidden":false,"retry":false,"extra":{"severity":"normal","retries":[],"categories":[{"name":"Test defects","matchedStatuses":[],"flaky":false}],"tags":[]},"source":"61d6be34cc57882f.json","parameterValues":[]}