{"uid":"669a18ffc9252365","name":"test_create_order_customer_3___frugal_latido_com_np____Test_123____9860838856____female____Lucha__male_____Mahogany_Antique____40____Silver____Black____No____40___5_6__4_4__5__46__8__12__11__7__1__9___General_Fit____Test_003____2023_04_29___100900_","fullName":"TestOrder.TestOrder#test_create_order_customer_3___frugal_latido_com_np____Test_123____9860838856____female____Lucha__male_____Mahogany_Antique____40____Silver____Black____No____40___5_6__4_4__5__46__8__12__11__7__1__9___General_Fit____Test_003____2023_04_29___100900_","historyId":"f648a316cf4e93f670f93586ca64c259","time":{"start":1682584127687,"stop":1682584144181,"duration":16494},"status":"broken","statusMessage":"selenium.common.exceptions.TimeoutException: Message: \nStacktrace:\nBacktrace:\n\tGetHandleVerifier [0x0095DCE3+50899]\n\t(No symbol) [0x008EE111]\n\t(No symbol) [0x007F5588]\n\t(No symbol) [0x008208F9]\n\t(No symbol) [0x00820AFB]\n\t(No symbol) [0x0084F902]\n\t(No symbol) [0x0083B944]\n\t(No symbol) [0x0084E01C]\n\t(No symbol) [0x0083B6F6]\n\t(No symbol) [0x00817708]\n\t(No symbol) [0x0081886D]\n\tGetHandleVerifier [0x00BC3EAE+2566302]\n\tGetHandleVerifier [0x00BF92B1+2784417]\n\tGetHandleVerifier [0x00BF327C+2759788]\n\tGetHandleVerifier [0x009F5740+672048]\n\t(No symbol) [0x008F8872]\n\t(No symbol) [0x008F41C8]\n\t(No symbol) [0x008F42AB]\n\t(No symbol) [0x008E71B7]\n\tBaseThreadInitThunk [0x76B77D49+25]\n\tRtlInitializeExceptionChain [0x77A5B74B+107]\n\tRtlClearBits [0x77A5B6CF+191]","statusTrace":"self = <TestsCases.TestOrder.TestOrder testMethod=test_create_order_customer_3___frugal_latido_com_np____Test_123____98608388...___Silver____Black____No____40___5_6__4_4__5__46__8__12__11__7__1__9___General_Fit____Test_003____2023_04_29___100900_>\nusername = 'frugal@latido.com.np', password = 'Test@123'\ncontactNo = '9860838856', gender = 'female', productname = 'Lucha (male)'\nleatherProfile = 'Mahogany Antique', leatherSize = '40', hardware = 'Silver'\nlining = 'Black', polyfill = 'No', size = '40', armhole = 5.6, height = 4.4\nshoulder = 5, weight = 46, length = 8, arms = 12, hips = 11, chest = 7\nwaist = 1, sleeves = 9, bodytype = 'General Fit', remark = 'Test 003'\ndate = '2023-04-29', OTP = 100900\n\n    @allure.story(\"Create a Order for  Customer \")\n    @allure.severity(allure.severity_level.NORMAL)\n    @data(*Utils.read_xlsx(\"../TestData/OrderTestData/orderTestCase.xlsx\", \"forCustomer\"))\n    @unpack\n    def test_create_order_customer(self, username, password, contactNo, gender, productname, leatherProfile,\n                                   leatherSize, hardware, lining, polyfill, size, armhole, height, shoulder, weight,\n                                   length, arms, hips, chest, waist, sleeves, bodytype, remark, date, OTP):\n        self.LoginMethod.nativelogin(self.driver, username, password)\n        try:\n            self.assertEqual(\n>               self.Order.createOrder_Customer(contactNo, gender, productname, leatherProfile, leatherSize, hardware,\n                                                lining, polyfill, size, armhole, height, shoulder, weight, length, arms,\n                                                hips, chest, waist, sleeves, bodytype, remark, date, OTP),\n                \"Order Succesfully Created\", msg=\"Verification Failed to Create a new Order.\")\n\nTestOrder.py:69: \n_ _ _ _ _ _ _ _ _ _ _ _ _ _ _ _ _ _ _ _ _ _ _ _ _ _ _ _ _ _ _ _ _ _ _ _ _ _ _ _\n..\\executions\\OrdersExecutions\\OrderMethods.py:192: in createOrder_Customer\n    self.navigateToOrder()\n..\\executions\\OrdersExecutions\\OrderMethods.py:64: in navigateToOrder\n    self.order.clickOnOrderTab()\n..\\Pages\\Order\\OrderPage.py:56: in clickOnOrderTab\n    self.wait.until(EC.element_to_be_clickable(self.OrderTab)).click()\n_ _ _ _ _ _ _ _ _ _ _ _ _ _ _ _ _ _ _ _ _ _ _ _ _ _ _ _ _ _ _ _ _ _ _ _ _ _ _ _\n\nself = <selenium.webdriver.support.wait.WebDriverWait (session=\"eeaf941f341b83242e2864555262c4ec\")>\nmethod = <function element_to_be_clickable.<locals>._predicate at 0x000001EDA3743880>\nmessage = ''\n\n    def until(self, method, message: str = \"\"):\n        \"\"\"Calls the method provided with the driver as an argument until the \\\n        return value does not evaluate to ``False``.\n    \n        :param method: callable(WebDriver)\n        :param message: optional message for :exc:`TimeoutException`\n        :returns: the result of the last call to `method`\n        :raises: :exc:`selenium.common.exceptions.TimeoutException` if timeout occurs\n        \"\"\"\n        screen = None\n        stacktrace = None\n    \n        end_time = time.monotonic() + self._timeout\n        while True:\n            try:\n                value = method(self._driver)\n                if value:\n                    return value\n            except self._ignored_exceptions as exc:\n                screen = getattr(exc, \"screen\", None)\n                stacktrace = getattr(exc, \"stacktrace\", None)\n            time.sleep(self._poll)\n            if time.monotonic() > end_time:\n                break\n>       raise TimeoutException(message, screen, stacktrace)\nE       selenium.common.exceptions.TimeoutException: Message: \nE       Stacktrace:\nE       Backtrace:\nE       \tGetHandleVerifier [0x0095DCE3+50899]\nE       \t(No symbol) [0x008EE111]\nE       \t(No symbol) [0x007F5588]\nE       \t(No symbol) [0x008208F9]\nE       \t(No symbol) [0x00820AFB]\nE       \t(No symbol) [0x0084F902]\nE       \t(No symbol) [0x0083B944]\nE       \t(No symbol) [0x0084E01C]\nE       \t(No symbol) [0x0083B6F6]\nE       \t(No symbol) [0x00817708]\nE       \t(No symbol) [0x0081886D]\nE       \tGetHandleVerifier [0x00BC3EAE+2566302]\nE       \tGetHandleVerifier [0x00BF92B1+2784417]\nE       \tGetHandleVerifier [0x00BF327C+2759788]\nE       \tGetHandleVerifier [0x009F5740+672048]\nE       \t(No symbol) [0x008F8872]\nE       \t(No symbol) [0x008F41C8]\nE       \t(No symbol) [0x008F42AB]\nE       \t(No symbol) [0x008E71B7]\nE       \tBaseThreadInitThunk [0x76B77D49+25]\nE       \tRtlInitializeExceptionChain [0x77A5B74B+107]\nE       \tRtlClearBits [0x77A5B6CF+191]\n\n..\\.venv\\lib\\site-packages\\selenium\\webdriver\\support\\wait.py:95: TimeoutException","flaky":false,"newFailed":false,"newBroken":false,"newPassed":false,"retriesCount":0,"retriesStatusChange":false,"beforeStages":[{"name":"_unittest_setUpClass_fixture_TestOrder","time":{"start":1682583995544,"stop":1682583995544,"duration":0},"status":"passed","steps":[],"attachments":[],"parameters":[],"hasContent":false,"stepsCount":0,"shouldDisplayMessage":false,"attachmentsCount":0}],"afterStages":[{"name":"_unittest_setUpClass_fixture_TestOrder::0","time":{"start":1682584340826,"stop":1682584340826,"duration":0},"status":"passed","steps":[],"attachments":[],"parameters":[],"hasContent":false,"stepsCount":0,"shouldDisplayMessage":false,"attachmentsCount":0}],"labels":[{"name":"feature","value":"Order List"},{"name":"severity","value":"normal"},{"name":"story","value":"Create a Order for  Customer "},{"name":"suite","value":"TestOrder"},{"name":"subSuite","value":"TestOrder"},{"name":"host","value":"0day"},{"name":"thread","value":"14808-MainThread"},{"name":"framework","value":"pytest"},{"name":"language","value":"cpython3"},{"name":"package","value":"TestOrder"},{"name":"resultFormat","value":"allure2"}],"parameters":[],"links":[],"hidden":true,"retry":true,"extra":{"categories":[],"tags":[]},"source":"669a18ffc9252365.json","parameterValues":[]}